#! /c/Source/iverilog-install/bin/vvp
:ivl_version "12.0 (devel)" "(s20150603-1110-g18392a46)";
:ivl_delay_selection "TYPICAL";
:vpi_time_precision + 0;
:vpi_module "C:\iverilog\lib\ivl\system.vpi";
:vpi_module "C:\iverilog\lib\ivl\vhdl_sys.vpi";
:vpi_module "C:\iverilog\lib\ivl\vhdl_textio.vpi";
:vpi_module "C:\iverilog\lib\ivl\v2005_math.vpi";
:vpi_module "C:\iverilog\lib\ivl\va_math.vpi";
S_000001c067a8bde0 .scope module, "add_passwords" "add_passwords" 2 3;
 .timescale 0 0;
P_000001c067ac7a80 .param/l "N" 0 2 3, +C4<00000000000000000000000000001010>;
v000001c067a86ec0_0 .var/i "fd", 31 0;
v000001c067ad8a20_0 .var/i "k", 31 0;
v000001c067a8b4f0_0 .var "password", 4 0;
v000001c067a8b1c0_0 .var/i "seed", 31 0;
S_000001c067aca8a0 .scope module, "display_Allpass" "display_Allpass" 2 27;
 .timescale 0 0;
P_000001c067ac74c0 .param/l "N" 0 2 27, +C4<00000000000000000000000000001010>;
v000001c067acaa30_0 .var/i "k", 31 0;
v000001c067a8b9d0 .array "var", 10 0, 4 0;
S_000001c067acc440 .scope module, "main" "main" 3 3;
 .timescale 0 0;
S_000001c067acc5d0 .scope module, "inst3" "pass_check" 3 6, 2 42 0, S_000001c067acc440;
 .timescale 0 0;
P_000001c067ac7940 .param/l "N" 0 2 42, +C4<00000000000000000000000000001010>;
v000001c067aca5c0_0 .array/port v000001c067aca5c0, 0;
L_000001c067ada660 .functor BUFZ 5, v000001c067aca5c0_0, C4<00000>, C4<00000>, C4<00000>;
v000001c067aca5c0_1 .array/port v000001c067aca5c0, 1;
L_000001c067ada740 .functor BUFZ 5, v000001c067aca5c0_1, C4<00000>, C4<00000>, C4<00000>;
v000001c067a8a390_0 .var "flag", 0 0;
v000001c067a88f00_0 .net "flat_number", 4 0, L_000001c067ada660;  1 drivers
v000001c067aca5c0 .array "in", 1 0, 4 0;
v000001c067aca660_0 .var/i "k", 31 0;
v000001c067adf060_0 .net "password", 4 0, L_000001c067ada740;  1 drivers
v000001c067adf100 .array "var", 10 0, 4 0;
    .scope S_000001c067a8bde0;
T_0 ;
    %pushi/vec4 10, 0, 32;
    %store/vec4 v000001c067a8b1c0_0, 0, 32;
    %end;
    .thread T_0;
    .scope S_000001c067a8bde0;
T_1 ;
    %vpi_func 2 12 "$fopen" 32, "./DB.txt", "w" {0 0 0};
    %store/vec4 v000001c067a86ec0_0, 0, 32;
    %pushi/vec4 0, 0, 32;
    %store/vec4 v000001c067ad8a20_0, 0, 32;
T_1.0 ;
    %load/vec4 v000001c067ad8a20_0;
    %cmpi/s 10, 0, 32;
    %flag_or 5, 4;
    %jmp/0xz T_1.1, 5;
    %vpi_func 2 15 "$urandom" 32, v000001c067a8b1c0_0 {0 0 0};
    %pushi/vec4 20, 0, 32;
    %mod;
    %pad/u 5;
    %store/vec4 v000001c067a8b4f0_0, 0, 5;
    %vpi_func 2 16 "$urandom" 32 {0 0 0};
    %store/vec4 v000001c067a8b1c0_0, 0, 32;
    %vpi_call 2 17 "$fwrite", v000001c067a86ec0_0, " %b", v000001c067a8b4f0_0 {0 0 0};
    %load/vec4 v000001c067ad8a20_0;
    %addi 1, 0, 32;
    %store/vec4 v000001c067ad8a20_0, 0, 32;
    %jmp T_1.0;
T_1.1 ;
    %vpi_call 2 20 "$display", "Database updated" {0 0 0};
    %vpi_call 2 21 "$fclose", v000001c067a86ec0_0 {0 0 0};
    %end;
    .thread T_1;
    .scope S_000001c067aca8a0;
T_2 ;
    %vpi_call 2 33 "$readmemb", "./DB.txt", v000001c067a8b9d0 {0 0 0};
    %vpi_call 2 34 "$display", "\012Flat Number : Password" {0 0 0};
    %pushi/vec4 0, 0, 32;
    %store/vec4 v000001c067acaa30_0, 0, 32;
T_2.0 ;
    %load/vec4 v000001c067acaa30_0;
    %cmpi/s 10, 0, 32;
    %flag_or 5, 4;
    %jmp/0xz T_2.1, 5;
    %vpi_call 2 36 "$display", "\011%0d \011\011: %b %d", v000001c067acaa30_0, &A<v000001c067a8b9d0, v000001c067acaa30_0 >, &A<v000001c067a8b9d0, v000001c067acaa30_0 > {0 0 0};
    %load/vec4 v000001c067acaa30_0;
    %addi 1, 0, 32;
    %store/vec4 v000001c067acaa30_0, 0, 32;
    %jmp T_2.0;
T_2.1 ;
    %end;
    .thread T_2;
    .scope S_000001c067acc5d0;
T_3 ;
    %pushi/vec4 0, 0, 1;
    %store/vec4 v000001c067a8a390_0, 0, 1;
    %end;
    .thread T_3;
    .scope S_000001c067acc5d0;
T_4 ;
    %vpi_call 2 54 "$readmemb", "./DB.txt", v000001c067adf100 {0 0 0};
    %vpi_call 2 55 "$readmemb", "./input.txt", v000001c067aca5c0 {0 0 0};
    %vpi_call 2 56 "$display", "\012Checking Password..." {0 0 0};
    %vpi_call 2 57 "$display", "in[0]=%b in[1]=%b", &A<v000001c067aca5c0, 0>, &A<v000001c067aca5c0, 1> {0 0 0};
    %pushi/vec4 0, 0, 32;
    %store/vec4 v000001c067aca660_0, 0, 32;
T_4.0 ;
    %load/vec4 v000001c067aca660_0;
    %cmpi/s 10, 0, 32;
    %flag_or 5, 4;
    %jmp/0xz T_4.1, 5;
    %vpi_call 2 59 "$display", "\011%0d \011\011: %b %b", v000001c067aca660_0, &A<v000001c067adf100, v000001c067aca660_0 >, v000001c067adf060_0 {0 0 0};
    %load/vec4 v000001c067a88f00_0;
    %pad/u 32;
    %load/vec4 v000001c067aca660_0;
    %cmp/e;
    %flag_get/vec4 4;
    %ix/getv/s 4, v000001c067aca660_0;
    %load/vec4a v000001c067adf100, 4;
    %load/vec4 v000001c067adf060_0;
    %cmp/e;
    %flag_get/vec4 4;
    %and;
    %flag_set/vec4 8;
    %jmp/0xz  T_4.2, 8;
    %pushi/vec4 1, 0, 1;
    %store/vec4 v000001c067a8a390_0, 0, 1;
T_4.2 ;
    %load/vec4 v000001c067aca660_0;
    %addi 1, 0, 32;
    %store/vec4 v000001c067aca660_0, 0, 32;
    %jmp T_4.0;
T_4.1 ;
    %load/vec4 v000001c067a8a390_0;
    %flag_set/vec4 8;
    %jmp/0xz  T_4.4, 8;
    %vpi_call 2 63 "$display", "Password Verified" {0 0 0};
    %jmp T_4.5;
T_4.4 ;
    %vpi_call 2 66 "$display", "Wrong Password. Try Again." {0 0 0};
T_4.5 ;
    %vpi_call 2 68 "$display", "flat = %0d passowrd = %0d", v000001c067a88f00_0, v000001c067adf060_0 {0 0 0};
    %end;
    .thread T_4;
# The file index is used to find the file name in the following table.
:file_names 4;
    "N/A";
    "<interactive>";
    "./modules.v";
    "main.v";
