#! /c/Source/iverilog-install/bin/vvp
:ivl_version "12.0 (devel)" "(s20150603-1110-g18392a46)";
:ivl_delay_selection "TYPICAL";
:vpi_time_precision + 0;
:vpi_module "C:\iverilog\lib\ivl\system.vpi";
:vpi_module "C:\iverilog\lib\ivl\vhdl_sys.vpi";
:vpi_module "C:\iverilog\lib\ivl\vhdl_textio.vpi";
:vpi_module "C:\iverilog\lib\ivl\v2005_math.vpi";
:vpi_module "C:\iverilog\lib\ivl\va_math.vpi";
S_00000204641bb810 .scope module, "add_passwords" "add_passwords" 2 3;
 .timescale 0 0;
P_00000204641b89a0 .param/l "N" 0 2 3, +C4<00000000000000000000000000001010>;
v00000204641b6e80_0 .var/i "fd", 31 0;
v00000204641bdfb0_0 .var/i "k", 31 0;
v00000204641bad90_0 .var "pwd", 4 0;
v0000020464208b20_0 .var/i "seed", 31 0;
S_00000204641f5c70 .scope module, "display_Allpass" "display_Allpass" 2 29;
 .timescale 0 0;
P_00000204641b81e0 .param/l "N" 0 2 29, +C4<00000000000000000000000000001010>;
v00000204641b7270_0 .var/i "k", 31 0;
v00000204641b7310 .array "var", 10 0, 4 0;
    .scope S_00000204641bb810;
T_0 ;
    %pushi/vec4 3, 0, 32;
    %store/vec4 v0000020464208b20_0, 0, 32;
    %end;
    .thread T_0;
    .scope S_00000204641bb810;
T_1 ;
    %vpi_func 2 12 "$fopen" 32, "./input.txt", "w" {0 0 0};
    %store/vec4 v00000204641b6e80_0, 0, 32;
    %pushi/vec4 0, 0, 32;
    %store/vec4 v00000204641bdfb0_0, 0, 32;
T_1.0 ;
    %load/vec4 v00000204641bdfb0_0;
    %cmpi/s 10, 0, 32;
    %flag_or 5, 4;
    %jmp/0xz T_1.1, 5;
    %vpi_func 2 16 "$random" 32, v0000020464208b20_0 {0 0 0};
    %pushi/vec4 20, 0, 32;
    %mod/s;
    %pad/s 5;
    %store/vec4 v00000204641bad90_0, 0, 5;
    %vpi_func 2 17 "$random" 32 {0 0 0};
    %store/vec4 v0000020464208b20_0, 0, 32;
    %vpi_call 2 18 "$fwrite", v00000204641b6e80_0, " %b", v00000204641bad90_0 {0 0 0};
    %load/vec4 v00000204641bdfb0_0;
    %addi 1, 0, 32;
    %store/vec4 v00000204641bdfb0_0, 0, 32;
    %jmp T_1.0;
T_1.1 ;
    %vpi_call 2 22 "$display", "Database updated" {0 0 0};
    %vpi_call 2 24 "$fclose", v00000204641b6e80_0 {0 0 0};
    %end;
    .thread T_1;
    .scope S_00000204641f5c70;
T_2 ;
    %vpi_call 2 35 "$readmemb", "./input.txt", v00000204641b7310 {0 0 0};
    %vpi_call 2 36 "$display", "\012Flat Number : Password" {0 0 0};
    %pushi/vec4 0, 0, 32;
    %store/vec4 v00000204641b7270_0, 0, 32;
T_2.0 ;
    %load/vec4 v00000204641b7270_0;
    %cmpi/s 10, 0, 32;
    %flag_or 5, 4;
    %jmp/0xz T_2.1, 5;
    %vpi_call 2 37 "$display", "\011%0d \011\011: %b %d", v00000204641b7270_0, &A<v00000204641b7310, v00000204641b7270_0 >, &A<v00000204641b7310, v00000204641b7270_0 > {0 0 0};
    %load/vec4 v00000204641b7270_0;
    %addi 1, 0, 32;
    %store/vec4 v00000204641b7270_0, 0, 32;
    %jmp T_2.0;
T_2.1 ;
    %end;
    .thread T_2;
# The file index is used to find the file name in the following table.
:file_names 3;
    "N/A";
    "<interactive>";
    "project.v";
